#-----------------------------------------------------------
# Vivado v2016.4 (64-bit)
# SW Build 1756540 on Mon Jan 23 19:11:23 MST 2017
# IP Build 1755317 on Mon Jan 23 20:30:07 MST 2017
# Start of session at: Sun Nov 11 23:19:13 2018
# Process ID: 1160
# Current directory: C:/Users/user/Desktop/OCD
# Command line: vivado.exe -gui_launcher_event rodinguilauncherevent12308 C:\Users\user\Desktop\OCD\OCD.xpr
# Log file: C:/Users/user/Desktop/OCD/vivado.log
# Journal file: C:/Users/user/Desktop/OCD\vivado.jou
#-----------------------------------------------------------
start_gui
open_project C:/Users/user/Desktop/OCD/OCD.xpr
CRITICAL WARNING: [Project 1-19] Could not find the file 'C:/Users/user/Desktop/OCD/OCD.srcs/sources_1/ip/xadc_wiz_0.xcix'.
CRITICAL WARNING: [Project 1-19] Could not find the file 'C:/Users/user/Desktop/OCD/OCD.srcs/sources_1/ip/xadc_wiz_0/xadc_wiz_0.xci'.
Scanning sources...
Finished scanning sources
WARNING: [filemgmt 56-3] IP Repository Path: Could not find the directory 'C:/Users/user/Desktop/OCD/OCD.srcs/ip'.
INFO: [IP_Flow 19-234] Refreshing IP repositories
WARNING: [IP_Flow 19-2248] Failed to load user IP repository 'c:/Users/user/Desktop/OCD/OCD.srcs/ip'; Can't find the specified path.
If this directory should no longer be in your list of user repositories, go to the IP Settings dialog and remove it.
INFO: [IP_Flow 19-2313] Loaded Vivado IP repository 'C:/Xilinx/Vivado/2016.4/data/ip'.
WARNING: [IP_Flow 19-395] Problem validating against XML schema: see 'xilinx:parameterInfo' : Bad end of element
CRITICAL WARNING: [IP_Flow 19-182] Failed to load BOM file 'c:/Users/user/Desktop/project_2/project_2.srcs/sources_1/ip/xadc_wiz_1_1/xadc_wiz_1.xml'.
CRITICAL WARNING: [IP_Flow 19-183] Failed to load IP instance 'xadc_wiz_1'.
CRITICAL WARNING: [IP_Flow 19-1835] Failed to recreate IP instance 'xadc_wiz_1'. Error reading project file(s).
WARNING: [IP_Flow 19-395] Problem validating against XML schema: see 'xilinx:parameterInfo' : Bad end of element
CRITICAL WARNING: [IP_Flow 19-182] Failed to load BOM file 'c:/Users/user/Desktop/project_2/project_2.srcs/sources_1/ip/xadc_wiz_1_1/xadc_wiz_1.xml'.
CRITICAL WARNING: [IP_Flow 19-183] Failed to load IP instance 'xadc_wiz_1'.
CRITICAL WARNING: [IP_Flow 19-1835] Failed to recreate IP instance 'xadc_wiz_1'. Error reading project file(s).
WARNING: [IP_Flow 19-395] Problem validating against XML schema: see 'xilinx:parameterInfo' : Bad end of element
CRITICAL WARNING: [IP_Flow 19-182] Failed to load BOM file 'c:/Users/user/Desktop/OCD/OCD.srcs/sources_1/ip/xadc_wiz_1_1/xadc_wiz_1.xml'.
CRITICAL WARNING: [IP_Flow 19-183] Failed to load IP instance 'xadc_wiz_1'.
CRITICAL WARNING: [IP_Flow 19-1835] Failed to recreate IP instance 'xadc_wiz_1'. Error reading project file(s).
WARNING: [IP_Flow 19-395] Problem validating against XML schema: see 'xilinx:parameterInfo' : Bad end of element
CRITICAL WARNING: [IP_Flow 19-182] Failed to load BOM file 'c:/Users/user/Desktop/project_2/project_2.srcs/sources_1/ip/xadc_wiz_0/xadc_wiz_0.xml'.
CRITICAL WARNING: [IP_Flow 19-183] Failed to load IP instance 'xadc_wiz_0'.
CRITICAL WARNING: [IP_Flow 19-1835] Failed to recreate IP instance 'xadc_wiz_0'. Error reading project file(s).
WARNING: [IP_Flow 19-395] Problem validating against XML schema: see 'xilinx:parameterInfo' : Bad end of element
CRITICAL WARNING: [IP_Flow 19-182] Failed to load BOM file 'c:/Users/user/Desktop/project_2/project_2.srcs/sources_1/ip/xadc_wiz_0/xadc_wiz_0.xml'.
CRITICAL WARNING: [IP_Flow 19-183] Failed to load IP instance 'xadc_wiz_0'.
CRITICAL WARNING: [IP_Flow 19-1835] Failed to recreate IP instance 'xadc_wiz_0'. Error reading project file(s).
WARNING: [IP_Flow 19-395] Problem validating against XML schema: see 'xilinx:parameterInfo' : Bad end of element
CRITICAL WARNING: [IP_Flow 19-182] Failed to load BOM file 'c:/Users/user/Desktop/OCD/OCD.srcs/sources_1/ip/xadc_wiz_1_1/xadc_wiz_1.xml'.
CRITICAL WARNING: [IP_Flow 19-183] Failed to load IP instance 'xadc_wiz_1'.
CRITICAL WARNING: [IP_Flow 19-1835] Failed to recreate IP instance 'xadc_wiz_1'. Error reading project file(s).
open_project: Time (s): cpu = 00:00:19 ; elapsed = 00:00:10 . Memory (MB): peak = 875.531 ; gain = 197.258
WARNING: [filemgmt 56-12] File 'C:/Users/user/Desktop/project_2/project_2.srcs/sources_1/ip/xadc_wiz_0.xcix' cannot be added to the project because it already exists in the project, skipping this file
WARNING: [filemgmt 56-12] File 'C:/Users/user/Desktop/project_2/project_2.srcs/sources_1/ip/xadc_wiz_0.xcix' cannot be added to the project because it already exists in the project, skipping this file
WARNING: [filemgmt 56-12] File 'C:/Users/user/Desktop/project_2/project_2.srcs/sources_1/ip/xadc_wiz_0.xcix' cannot be added to the project because it already exists in the project, skipping this file
WARNING: [filemgmt 56-12] File 'C:/Users/user/Desktop/project_2/project_2.srcs/sources_1/ip/xadc_wiz_0.xcix' cannot be added to the project because it already exists in the project, skipping this file
WARNING: [filemgmt 56-12] File 'C:/Users/user/Desktop/project_2/project_2.srcs/sources_1/ip/xadc_wiz_0.xcix' cannot be added to the project because it already exists in the project, skipping this file
WARNING: [filemgmt 56-12] File 'C:/Users/user/Desktop/project_2/project_2.srcs/sources_1/ip/xadc_wiz_0.xcix' cannot be added to the project because it already exists in the project, skipping this file
WARNING: [filemgmt 56-12] File 'C:/Users/user/Desktop/project_2/project_2.srcs/sources_1/ip/xadc_wiz_0.xcix' cannot be added to the project because it already exists in the project, skipping this file
WARNING: [filemgmt 56-12] File 'C:/Users/user/Desktop/project_2/project_2.srcs/sources_1/ip/xadc_wiz_0.xcix' cannot be added to the project because it already exists in the project, skipping this file
WARNING: [filemgmt 56-12] File 'C:/Users/user/Desktop/project_2/project_2.srcs/sources_1/ip/xadc_wiz_0.xcix' cannot be added to the project because it already exists in the project, skipping this file
WARNING: [filemgmt 56-12] File 'C:/Users/user/Desktop/OCD/OCD.srcs/sources_1/ip/xadc_wiz_1_1.xcix' cannot be added to the project because it already exists in the project, skipping this file
WARNING: [filemgmt 56-12] File 'C:/Users/user/Desktop/project_2/project_2.srcs/sources_1/ip/xadc_wiz_1_1.xcix' cannot be added to the project because it already exists in the project, skipping this file
WARNING: [filemgmt 56-12] File 'C:/Users/user/Desktop/project_2/project_2.srcs/sources_1/ip/xadc_wiz_0.xcix' cannot be added to the project because it already exists in the project, skipping this file
WARNING: [filemgmt 56-12] File 'C:/Users/user/Desktop/project_2/project_2.srcs/sources_1/ip/xadc_wiz_0.xcix' cannot be added to the project because it already exists in the project, skipping this file
WARNING: [filemgmt 56-12] File 'C:/Users/user/Desktop/project_2/project_2.srcs/sources_1/ip/xadc_wiz_0.xcix' cannot be added to the project because it already exists in the project, skipping this file
WARNING: [filemgmt 56-12] File 'C:/Users/user/Desktop/OCD/OCD.srcs/sources_1/ip/xadc_wiz_1_1.xcix' cannot be added to the project because it already exists in the project, skipping this file
WARNING: [filemgmt 56-12] File 'C:/Users/user/Desktop/project_2/project_2.srcs/sources_1/ip/xadc_wiz_1_1.xcix' cannot be added to the project because it already exists in the project, skipping this file
WARNING: [filemgmt 56-12] File 'C:/Users/user/Desktop/project_2/project_2.srcs/sources_1/ip/xadc_wiz_0.xcix' cannot be added to the project because it already exists in the project, skipping this file
WARNING: [filemgmt 56-12] File 'C:/Users/user/Desktop/OCD/OCD.srcs/sources_1/ip/xadc_wiz_1_1.xcix' cannot be added to the project because it already exists in the project, skipping this file
set_property is_enabled false [get_files  C:/Users/user/Desktop/OCD/OCD.srcs/sources_1/ip/xadc_wiz_1_1/xadc_wiz_1.xci]
WARNING: [filemgmt 56-12] File 'C:/Users/user/Desktop/project_2/project_2.srcs/sources_1/ip/xadc_wiz_0.xcix' cannot be added to the project because it already exists in the project, skipping this file
WARNING: [filemgmt 56-12] File 'C:/Users/user/Desktop/project_2/project_2.srcs/sources_1/ip/xadc_wiz_0.xcix' cannot be added to the project because it already exists in the project, skipping this file
WARNING: [filemgmt 56-12] File 'C:/Users/user/Desktop/OCD/OCD.srcs/sources_1/ip/xadc_wiz_1_1.xcix' cannot be added to the project because it already exists in the project, skipping this file
WARNING: [filemgmt 56-12] File 'C:/Users/user/Desktop/project_2/project_2.srcs/sources_1/ip/xadc_wiz_0.xcix' cannot be added to the project because it already exists in the project, skipping this file
WARNING: [filemgmt 56-12] File 'C:/Users/user/Desktop/project_2/project_2.srcs/sources_1/ip/xadc_wiz_0.xcix' cannot be added to the project because it already exists in the project, skipping this file
WARNING: [filemgmt 56-12] File 'C:/Users/user/Desktop/project_2/project_2.srcs/sources_1/ip/xadc_wiz_0.xcix' cannot be added to the project because it already exists in the project, skipping this file
WARNING: [filemgmt 56-12] File 'C:/Users/user/Desktop/OCD/OCD.srcs/sources_1/ip/xadc_wiz_1_1.xcix' cannot be added to the project because it already exists in the project, skipping this file
WARNING: [filemgmt 56-12] File 'C:/Users/user/Desktop/project_2/project_2.srcs/sources_1/ip/xadc_wiz_0.xcix' cannot be added to the project because it already exists in the project, skipping this file
WARNING: [filemgmt 56-12] File 'C:/Users/user/Desktop/project_2/project_2.srcs/sources_1/ip/xadc_wiz_1_1.xcix' cannot be added to the project because it already exists in the project, skipping this file
WARNING: [filemgmt 56-12] File 'C:/Users/user/Desktop/project_2/project_2.srcs/sources_1/ip/xadc_wiz_0.xcix' cannot be added to the project because it already exists in the project, skipping this file
WARNING: [filemgmt 56-12] File 'C:/Users/user/Desktop/project_2/project_2.srcs/sources_1/ip/xadc_wiz_0.xcix' cannot be added to the project because it already exists in the project, skipping this file
WARNING: [filemgmt 56-12] File 'C:/Users/user/Desktop/project_2/project_2.srcs/sources_1/ip/xadc_wiz_0.xcix' cannot be added to the project because it already exists in the project, skipping this file
WARNING: [filemgmt 56-12] File 'C:/Users/user/Desktop/project_2/project_2.srcs/sources_1/ip/xadc_wiz_1_1.xcix' cannot be added to the project because it already exists in the project, skipping this file
WARNING: [filemgmt 56-12] File 'C:/Users/user/Desktop/project_2/project_2.srcs/sources_1/ip/xadc_wiz_0.xcix' cannot be added to the project because it already exists in the project, skipping this file
WARNING: [filemgmt 56-12] File 'C:/Users/user/Desktop/OCD/OCD.srcs/sources_1/ip/xadc_wiz_1_1.xcix' cannot be added to the project because it already exists in the project, skipping this file
reset_run synth_1
reset_run xadc_wiz_0_synth_1
launch_runs impl_1 -to_step write_bitstream -jobs 8
[Sun Nov 11 23:20:18 2018] Launched xadc_wiz_0_synth_1, synth_1...
Run output will be captured here:
xadc_wiz_0_synth_1: C:/Users/user/Desktop/OCD/OCD.runs/xadc_wiz_0_synth_1/runme.log
synth_1: C:/Users/user/Desktop/OCD/OCD.runs/synth_1/runme.log
[Sun Nov 11 23:20:19 2018] Launched impl_1...
Run output will be captured here: C:/Users/user/Desktop/OCD/OCD.runs/impl_1/runme.log
WARNING: [filemgmt 56-12] File 'C:/Users/user/Desktop/project_2/project_2.srcs/sources_1/ip/xadc_wiz_0.xcix' cannot be added to the project because it already exists in the project, skipping this file
WARNING: [filemgmt 56-12] File 'C:/Users/user/Desktop/OCD/OCD.srcs/sources_1/ip/xadc_wiz_1_1.xcix' cannot be added to the project because it already exists in the project, skipping this file
WARNING: [filemgmt 56-12] File 'C:/Users/user/Desktop/project_2/project_2.srcs/sources_1/ip/xadc_wiz_1_1.xcix' cannot be added to the project because it already exists in the project, skipping this file
WARNING: [filemgmt 56-12] File 'C:/Users/user/Desktop/project_2/project_2.srcs/sources_1/ip/xadc_wiz_0.xcix' cannot be added to the project because it already exists in the project, skipping this file
WARNING: [filemgmt 56-12] File 'C:/Users/user/Desktop/project_2/project_2.srcs/sources_1/ip/xadc_wiz_0.xcix' cannot be added to the project because it already exists in the project, skipping this file
WARNING: [filemgmt 56-12] File 'C:/Users/user/Desktop/OCD/OCD.srcs/sources_1/ip/xadc_wiz_1_1.xcix' cannot be added to the project because it already exists in the project, skipping this file
WARNING: [filemgmt 56-12] File 'C:/Users/user/Desktop/project_2/project_2.srcs/sources_1/ip/xadc_wiz_1_1.xcix' cannot be added to the project because it already exists in the project, skipping this file
WARNING: [filemgmt 56-12] File 'C:/Users/user/Desktop/project_2/project_2.srcs/sources_1/ip/xadc_wiz_0.xcix' cannot be added to the project because it already exists in the project, skipping this file
WARNING: [filemgmt 56-12] File 'C:/Users/user/Desktop/project_2/project_2.srcs/sources_1/ip/xadc_wiz_0.xcix' cannot be added to the project because it already exists in the project, skipping this file
WARNING: [filemgmt 56-12] File 'C:/Users/user/Desktop/OCD/OCD.srcs/sources_1/ip/xadc_wiz_1_1.xcix' cannot be added to the project because it already exists in the project, skipping this file
WARNING: [filemgmt 56-12] File 'C:/Users/user/Desktop/project_2/project_2.srcs/sources_1/ip/xadc_wiz_1_1.xcix' cannot be added to the project because it already exists in the project, skipping this file
WARNING: [filemgmt 56-12] File 'C:/Users/user/Desktop/project_2/project_2.srcs/sources_1/ip/xadc_wiz_0.xcix' cannot be added to the project because it already exists in the project, skipping this file
WARNING: [filemgmt 56-12] File 'C:/Users/user/Desktop/project_2/project_2.srcs/sources_1/ip/xadc_wiz_0.xcix' cannot be added to the project because it already exists in the project, skipping this file
WARNING: [filemgmt 56-12] File 'C:/Users/user/Desktop/OCD/OCD.srcs/sources_1/ip/xadc_wiz_1_1.xcix' cannot be added to the project because it already exists in the project, skipping this file
WARNING: [filemgmt 56-12] File 'C:/Users/user/Desktop/project_2/project_2.srcs/sources_1/ip/xadc_wiz_1_1.xcix' cannot be added to the project because it already exists in the project, skipping this file
WARNING: [filemgmt 56-12] File 'C:/Users/user/Desktop/project_2/project_2.srcs/sources_1/ip/xadc_wiz_0.xcix' cannot be added to the project because it already exists in the project, skipping this file
remove_files  C:/Users/user/Desktop/project_2/project_2.srcs/sources_1/new/XADCdemo.v
WARNING: [filemgmt 56-12] File 'C:/Users/user/Desktop/project_2/project_2.srcs/sources_1/ip/xadc_wiz_0.xcix' cannot be added to the project because it already exists in the project, skipping this file
WARNING: [filemgmt 56-12] File 'C:/Users/user/Desktop/OCD/OCD.srcs/sources_1/ip/xadc_wiz_1_1.xcix' cannot be added to the project because it already exists in the project, skipping this file
WARNING: [filemgmt 56-12] File 'C:/Users/user/Desktop/project_2/project_2.srcs/sources_1/ip/xadc_wiz_1_1.xcix' cannot be added to the project because it already exists in the project, skipping this file
WARNING: [filemgmt 56-12] File 'C:/Users/user/Desktop/project_2/project_2.srcs/sources_1/ip/xadc_wiz_0.xcix' cannot be added to the project because it already exists in the project, skipping this file
WARNING: [filemgmt 56-12] File 'C:/Users/user/Desktop/project_2/project_2.srcs/sources_1/ip/xadc_wiz_0.xcix' cannot be added to the project because it already exists in the project, skipping this file
WARNING: [filemgmt 56-12] File 'C:/Users/user/Desktop/OCD/OCD.srcs/sources_1/ip/xadc_wiz_1_1.xcix' cannot be added to the project because it already exists in the project, skipping this file
WARNING: [filemgmt 56-12] File 'C:/Users/user/Desktop/project_2/project_2.srcs/sources_1/ip/xadc_wiz_1_1.xcix' cannot be added to the project because it already exists in the project, skipping this file
WARNING: [filemgmt 56-12] File 'C:/Users/user/Desktop/project_2/project_2.srcs/sources_1/ip/xadc_wiz_0.xcix' cannot be added to the project because it already exists in the project, skipping this file
update_compile_order -fileset sim_1
WARNING: [filemgmt 56-12] File 'C:/Users/user/Desktop/project_2/project_2.srcs/sources_1/ip/xadc_wiz_0.xcix' cannot be added to the project because it already exists in the project, skipping this file
WARNING: [filemgmt 56-12] File 'C:/Users/user/Desktop/project_2/project_2.srcs/sources_1/ip/xadc_wiz_0.xcix' cannot be added to the project because it already exists in the project, skipping this file
WARNING: [filemgmt 56-12] File 'C:/Users/user/Desktop/OCD/OCD.srcs/sources_1/ip/xadc_wiz_1_1.xcix' cannot be added to the project because it already exists in the project, skipping this file
WARNING: [filemgmt 56-12] File 'C:/Users/user/Desktop/project_2/project_2.srcs/sources_1/ip/xadc_wiz_1_1.xcix' cannot be added to the project because it already exists in the project, skipping this file
WARNING: [filemgmt 56-12] File 'C:/Users/user/Desktop/project_2/project_2.srcs/sources_1/ip/xadc_wiz_0.xcix' cannot be added to the project because it already exists in the project, skipping this file
reset_run synth_1
launch_runs impl_1 -to_step write_bitstream -jobs 8
[Sun Nov 11 23:45:45 2018] Launched synth_1...
Run output will be captured here: C:/Users/user/Desktop/OCD/OCD.runs/synth_1/runme.log
[Sun Nov 11 23:45:45 2018] Launched impl_1...
Run output will be captured here: C:/Users/user/Desktop/OCD/OCD.runs/impl_1/runme.log
exit
INFO: [Common 17-206] Exiting Vivado at Sun Nov 11 23:50:14 2018...
